{"contracts/common/ContentMixin.sol":{"l":{"11":184,"12":52,"13":52,"14":52,"22":132,"24":184},"path":"/Users/brianmcclanahan/git_repos2/lottery/contracts/common/ContentMixin.sol","s":{"1":184,"2":52,"3":52,"4":132,"5":184},"b":{"1":[52,132]},"f":{"1":184},"fnMap":{"1":{"name":"msgSender","line":6,"loc":{"start":{"line":6,"column":4},"end":{"line":25,"column":4}}}},"statementMap":{"1":{"start":{"line":11,"column":8},"end":{"line":11,"column":210}},"2":{"start":{"line":12,"column":12},"end":{"line":12,"column":41}},"3":{"start":{"line":13,"column":12},"end":{"line":13,"column":43}},"4":{"start":{"line":22,"column":12},"end":{"line":22,"column":39}},"5":{"start":{"line":24,"column":8},"end":{"line":24,"column":21}}},"branchMap":{"1":{"line":11,"type":"if","locations":[{"start":{"line":11,"column":8},"end":{"line":11,"column":8}},{"start":{"line":11,"column":8},"end":{"line":11,"column":8}}]}}},"contracts/common/EIP712Base.sol":{"l":{"33":57,"37":57,"49":0,"53":57,"54":57,"57":57,"72":0},"path":"/Users/brianmcclanahan/git_repos2/lottery/contracts/common/EIP712Base.sol","s":{"1":57,"2":57,"3":0,"4":57,"5":57,"6":0},"b":{},"f":{"1":57,"2":57,"3":0,"4":57,"5":0},"fnMap":{"1":{"name":"_initializeEIP712","line":31,"loc":{"start":{"line":27,"column":4},"end":{"line":34,"column":4}}},"2":{"name":"_setDomainSeperator","line":36,"loc":{"start":{"line":36,"column":4},"end":{"line":46,"column":4}}},"3":{"name":"getDomainSeperator","line":48,"loc":{"start":{"line":48,"column":4},"end":{"line":50,"column":4}}},"4":{"name":"getChainId","line":52,"loc":{"start":{"line":52,"column":4},"end":{"line":58,"column":4}}},"5":{"name":"toTypedMessageHash","line":67,"loc":{"start":{"line":67,"column":4},"end":{"line":76,"column":4}}}},"statementMap":{"1":{"start":{"line":33,"column":8},"end":{"line":33,"column":32}},"2":{"start":{"line":37,"column":8},"end":{"line":37,"column":985}},"3":{"start":{"line":49,"column":8},"end":{"line":49,"column":30}},"4":{"start":{"line":53,"column":8},"end":{"line":53,"column":18}},"5":{"start":{"line":57,"column":8},"end":{"line":57,"column":17}},"6":{"start":{"line":72,"column":8},"end":{"line":72,"column":2017}}},"branchMap":{}},"contracts/common/Initializable.sol":{"l":{"9":57,"10":57,"11":57},"path":"/Users/brianmcclanahan/git_repos2/lottery/contracts/common/Initializable.sol","s":{"1":57,"2":57},"b":{"1":[57,0]},"f":{"1":57},"fnMap":{"1":{"name":"initializer","line":8,"loc":{"start":{"line":8,"column":4},"end":{"line":12,"column":4}}}},"statementMap":{"1":{"start":{"line":9,"column":8},"end":{"line":9,"column":41}},"2":{"start":{"line":11,"column":8},"end":{"line":11,"column":20}}},"branchMap":{"1":{"line":9,"type":"if","locations":[{"start":{"line":9,"column":8},"end":{"line":9,"column":8}},{"start":{"line":9,"column":8},"end":{"line":9,"column":8}}]}}},"contracts/common/NativeMetaTransaction.sol":{"l":{"40":0,"46":0,"52":0,"54":0,"61":0,"64":0,"66":0,"74":0,"86":0,"96":0,"97":0},"path":"/Users/brianmcclanahan/git_repos2/lottery/contracts/common/NativeMetaTransaction.sol","s":{"1":0,"2":0,"3":0,"4":0,"5":0,"6":0,"7":0,"8":0,"9":0,"10":0,"11":0},"b":{"1":[0,0],"2":[0,0],"3":[0,0]},"f":{"1":0,"2":0,"3":0,"4":0},"fnMap":{"1":{"name":"executeMetaTransaction","line":33,"loc":{"start":{"line":33,"column":4},"end":{"line":67,"column":4}}},"2":{"name":"hashMetaTransaction","line":69,"loc":{"start":{"line":69,"column":4},"end":{"line":83,"column":4}}},"3":{"name":"getNonce","line":85,"loc":{"start":{"line":85,"column":4},"end":{"line":87,"column":4}}},"4":{"name":"verify","line":89,"loc":{"start":{"line":89,"column":4},"end":{"line":105,"column":4}}}},"statementMap":{"1":{"start":{"line":40,"column":8},"end":{"line":40,"column":1206}},"2":{"start":{"line":46,"column":8},"end":{"line":46,"column":1395}},"3":{"start":{"line":52,"column":8},"end":{"line":52,"column":55}},"4":{"start":{"line":54,"column":8},"end":{"line":54,"column":1644}},"5":{"start":{"line":61,"column":8},"end":{"line":61,"column":1878}},"6":{"start":{"line":64,"column":8},"end":{"line":64,"column":55}},"7":{"start":{"line":66,"column":8},"end":{"line":66,"column":25}},"8":{"start":{"line":74,"column":8},"end":{"line":74,"column":2243}},"9":{"start":{"line":86,"column":8},"end":{"line":86,"column":27}},"10":{"start":{"line":96,"column":8},"end":{"line":96,"column":77}},"11":{"start":{"line":97,"column":8},"end":{"line":97,"column":2894}}},"branchMap":{"1":{"line":46,"type":"if","locations":[{"start":{"line":46,"column":8},"end":{"line":46,"column":8}},{"start":{"line":46,"column":8},"end":{"line":46,"column":8}}]},"2":{"line":64,"type":"if","locations":[{"start":{"line":64,"column":8},"end":{"line":64,"column":8}},{"start":{"line":64,"column":8},"end":{"line":64,"column":8}}]},"3":{"line":96,"type":"if","locations":[{"start":{"line":96,"column":8},"end":{"line":96,"column":8}},{"start":{"line":96,"column":8},"end":{"line":96,"column":8}}]}}},"contracts/ERC721Tradable.sol":{"l":{"50":57,"52":57,"53":57,"61":52,"62":52,"63":52,"71":15,"82":0,"98":0,"99":0,"100":0,"103":0,"110":184,"118":45},"path":"/Users/brianmcclanahan/git_repos2/lottery/contracts/ERC721Tradable.sol","s":{"1":57,"2":57,"3":57,"4":52,"5":52,"6":52,"7":15,"8":0,"9":0,"10":0,"11":0,"12":0,"13":184,"14":45},"b":{"1":[0,0]},"f":{"1":57,"2":52,"3":15,"4":0,"5":0,"6":184,"7":45},"fnMap":{"1":{"name":"constructor","line":49,"loc":{"start":{"line":45,"column":4},"end":{"line":54,"column":4}}},"2":{"name":"mintTo","line":60,"loc":{"start":{"line":60,"column":4},"end":{"line":64,"column":4}}},"3":{"name":"totalSupply","line":70,"loc":{"start":{"line":70,"column":4},"end":{"line":72,"column":4}}},"4":{"name":"tokenURI","line":76,"loc":{"start":{"line":76,"column":4},"end":{"line":86,"column":4}}},"5":{"name":"isApprovedForAll","line":91,"loc":{"start":{"line":91,"column":4},"end":{"line":104,"column":4}}},"6":{"name":"_msgSender","line":109,"loc":{"start":{"line":109,"column":4},"end":{"line":111,"column":4}}},"7":{"name":"transferFrom","line":113,"loc":{"start":{"line":113,"column":6},"end":{"line":119,"column":4}}}},"statementMap":{"1":{"start":{"line":50,"column":8},"end":{"line":50,"column":51}},"2":{"start":{"line":52,"column":8},"end":{"line":52,"column":31}},"3":{"start":{"line":53,"column":8},"end":{"line":53,"column":31}},"4":{"start":{"line":61,"column":8},"end":{"line":61,"column":55}},"5":{"start":{"line":62,"column":8},"end":{"line":62,"column":31}},"6":{"start":{"line":63,"column":8},"end":{"line":63,"column":37}},"7":{"start":{"line":71,"column":8},"end":{"line":71,"column":41}},"8":{"start":{"line":82,"column":8},"end":{"line":82,"column":2554}},"9":{"start":{"line":98,"column":8},"end":{"line":98,"column":73}},"10":{"start":{"line":99,"column":8},"end":{"line":99,"column":3078}},"11":{"start":{"line":100,"column":12},"end":{"line":100,"column":23}},"12":{"start":{"line":103,"column":8},"end":{"line":103,"column":54}},"13":{"start":{"line":110,"column":8},"end":{"line":110,"column":39}},"14":{"start":{"line":118,"column":5},"end":{"line":118,"column":42}}},"branchMap":{"1":{"line":99,"type":"if","locations":[{"start":{"line":99,"column":8},"end":{"line":99,"column":8}},{"start":{"line":99,"column":8},"end":{"line":99,"column":8}}]}}},"contracts/interfaces/IERC20.sol":{"l":{},"path":"/Users/brianmcclanahan/git_repos2/lottery/contracts/interfaces/IERC20.sol","s":{},"b":{},"f":{},"fnMap":{},"statementMap":{},"branchMap":{}},"contracts/Lottery.sol":{"l":{"62":57,"63":57,"64":57,"65":57,"66":57,"67":57,"68":57,"72":29,"76":0,"80":0,"84":2,"85":2,"89":2,"90":2,"94":2,"95":2,"100":12,"102":12,"112":15,"113":15,"114":15,"115":52,"117":15,"126":45,"128":45,"129":45,"131":45,"132":12,"133":12,"136":45,"146":12,"147":12,"148":12,"153":3,"154":2,"160":5,"164":12,"165":12,"170":9,"171":9,"177":9,"178":5,"185":4,"187":9},"path":"/Users/brianmcclanahan/git_repos2/lottery/contracts/Lottery.sol","s":{"1":57,"2":57,"3":57,"4":57,"5":57,"6":57,"7":57,"8":29,"9":0,"10":0,"11":2,"12":2,"13":2,"14":2,"15":2,"16":2,"17":12,"18":12,"19":15,"20":15,"21":15,"22":52,"23":15,"24":45,"25":45,"26":45,"27":12,"28":12,"29":45,"30":12,"31":12,"32":12,"33":3,"34":2,"35":5,"36":12,"37":12,"38":9,"39":9,"40":9,"41":5,"42":4,"43":9},"b":{"1":[45,0],"2":[12,33],"3":[2,1],"4":[5,4]},"f":{"1":57,"2":29,"3":0,"4":0,"5":2,"6":2,"7":2,"8":12,"9":15,"10":45,"11":12,"12":3,"13":5,"14":12,"15":9},"fnMap":{"1":{"name":"constructor","line":60,"loc":{"start":{"line":55,"column":4},"end":{"line":69,"column":4}}},"2":{"name":"wethBalance","line":71,"loc":{"start":{"line":71,"column":4},"end":{"line":73,"column":4}}},"3":{"name":"baseTokenURI","line":75,"loc":{"start":{"line":75,"column":4},"end":{"line":77,"column":4}}},"4":{"name":"contractURI","line":79,"loc":{"start":{"line":79,"column":4},"end":{"line":81,"column":4}}},"5":{"name":"setCharity","line":83,"loc":{"start":{"line":83,"column":4},"end":{"line":86,"column":3}}},"6":{"name":"setMaintenance","line":88,"loc":{"start":{"line":88,"column":3},"end":{"line":91,"column":3}}},"7":{"name":"setSubId","line":93,"loc":{"start":{"line":93,"column":4},"end":{"line":96,"column":4}}},"8":{"name":"requestRandomWords","line":99,"loc":{"start":{"line":99,"column":4},"end":{"line":109,"column":4}}},"9":{"name":"mint","line":111,"loc":{"start":{"line":111,"column":4},"end":{"line":118,"column":4}}},"10":{"name":"transferFrom","line":121,"loc":{"start":{"line":121,"column":4},"end":{"line":137,"column":4}}},"11":{"name":"fulfillRandomWords","line":142,"loc":{"start":{"line":142,"column":4},"end":{"line":149,"column":4}}},"12":{"name":"getWinner","line":152,"loc":{"start":{"line":152,"column":4},"end":{"line":155,"column":4}}},"13":{"name":"getLotteryOpen","line":159,"loc":{"start":{"line":159,"column":3},"end":{"line":161,"column":3}}},"14":{"name":"pickWinner","line":163,"loc":{"start":{"line":163,"column":3},"end":{"line":166,"column":3}}},"15":{"name":"payOut","line":169,"loc":{"start":{"line":169,"column":3},"end":{"line":192,"column":4}}}},"statementMap":{"1":{"start":{"line":62,"column":8},"end":{"line":62,"column":63}},"2":{"start":{"line":63,"column":8},"end":{"line":63,"column":43}},"3":{"start":{"line":64,"column":8},"end":{"line":64,"column":27}},"4":{"start":{"line":65,"column":8},"end":{"line":65,"column":43}},"5":{"start":{"line":66,"column":8},"end":{"line":66,"column":27}},"6":{"start":{"line":67,"column":8},"end":{"line":67,"column":33}},"7":{"start":{"line":68,"column":8},"end":{"line":68,"column":25}},"8":{"start":{"line":72,"column":7},"end":{"line":72,"column":37}},"9":{"start":{"line":76,"column":8},"end":{"line":76,"column":42}},"10":{"start":{"line":80,"column":8},"end":{"line":80,"column":46}},"11":{"start":{"line":84,"column":7},"end":{"line":84,"column":24}},"12":{"start":{"line":85,"column":7},"end":{"line":85,"column":21}},"13":{"start":{"line":89,"column":7},"end":{"line":89,"column":32}},"14":{"start":{"line":90,"column":7},"end":{"line":90,"column":25}},"15":{"start":{"line":94,"column":8},"end":{"line":94,"column":43}},"16":{"start":{"line":95,"column":8},"end":{"line":95,"column":31}},"17":{"start":{"line":100,"column":8},"end":{"line":100,"column":55}},"18":{"start":{"line":102,"column":8},"end":{"line":102,"column":3363}},"19":{"start":{"line":112,"column":9},"end":{"line":112,"column":42}},"20":{"start":{"line":113,"column":9},"end":{"line":113,"column":19}},"21":{"start":{"line":114,"column":9},"end":{"line":114,"column":3694}},"22":{"start":{"line":115,"column":13},"end":{"line":115,"column":32}},"23":{"start":{"line":117,"column":9},"end":{"line":117,"column":26}},"24":{"start":{"line":126,"column":8},"end":{"line":126,"column":53}},"25":{"start":{"line":128,"column":8},"end":{"line":128,"column":3997}},"26":{"start":{"line":131,"column":13},"end":{"line":131,"column":4062}},"27":{"start":{"line":132,"column":17},"end":{"line":132,"column":35}},"28":{"start":{"line":133,"column":17},"end":{"line":133,"column":36}},"29":{"start":{"line":136,"column":9},"end":{"line":136,"column":45}},"30":{"start":{"line":146,"column":8},"end":{"line":146,"column":34}},"31":{"start":{"line":147,"column":8},"end":{"line":147,"column":19}},"32":{"start":{"line":148,"column":8},"end":{"line":148,"column":70}},"33":{"start":{"line":153,"column":8},"end":{"line":153,"column":53}},"34":{"start":{"line":154,"column":8},"end":{"line":154,"column":37}},"35":{"start":{"line":160,"column":7},"end":{"line":160,"column":25}},"36":{"start":{"line":164,"column":8},"end":{"line":164,"column":54}},"37":{"start":{"line":165,"column":8},"end":{"line":165,"column":21}},"38":{"start":{"line":170,"column":8},"end":{"line":170,"column":55}},"39":{"start":{"line":171,"column":8},"end":{"line":171,"column":5073}},"40":{"start":{"line":177,"column":8},"end":{"line":177,"column":5202}},"41":{"start":{"line":178,"column":12},"end":{"line":178,"column":5242}},"42":{"start":{"line":185,"column":12},"end":{"line":185,"column":45}},"43":{"start":{"line":187,"column":8},"end":{"line":187,"column":5493}}},"branchMap":{"1":{"line":128,"type":"if","locations":[{"start":{"line":128,"column":8},"end":{"line":128,"column":8}},{"start":{"line":128,"column":8},"end":{"line":128,"column":8}}]},"2":{"line":131,"type":"if","locations":[{"start":{"line":131,"column":13},"end":{"line":131,"column":13}},{"start":{"line":131,"column":13},"end":{"line":131,"column":13}}]},"3":{"line":153,"type":"if","locations":[{"start":{"line":153,"column":8},"end":{"line":153,"column":8}},{"start":{"line":153,"column":8},"end":{"line":153,"column":8}}]},"4":{"line":177,"type":"if","locations":[{"start":{"line":177,"column":8},"end":{"line":177,"column":8}},{"start":{"line":177,"column":8},"end":{"line":177,"column":8}}]}}}}