TN:
SF:/Users/brianmcclanahan/git_repos2/lottery/contracts/common/ContentMixin.sol
FN:6,msgSender
FNF:1
FNH:1
FNDA:184,msgSender
DA:11,184
DA:12,52
DA:13,52
DA:14,52
DA:22,132
DA:24,184
LF:6
LH:6
BRDA:11,1,0,52
BRDA:11,1,1,132
BRF:2
BRH:2
end_of_record
TN:
SF:/Users/brianmcclanahan/git_repos2/lottery/contracts/common/EIP712Base.sol
FN:31,_initializeEIP712
FN:36,_setDomainSeperator
FN:48,getDomainSeperator
FN:52,getChainId
FN:67,toTypedMessageHash
FNF:5
FNH:3
FNDA:57,_initializeEIP712
FNDA:57,_setDomainSeperator
FNDA:0,getDomainSeperator
FNDA:57,getChainId
FNDA:0,toTypedMessageHash
DA:33,57
DA:37,57
DA:49,0
DA:53,57
DA:54,57
DA:57,57
DA:72,0
LF:7
LH:5
BRF:0
BRH:0
end_of_record
TN:
SF:/Users/brianmcclanahan/git_repos2/lottery/contracts/common/Initializable.sol
FN:8,initializer
FNF:1
FNH:1
FNDA:57,initializer
DA:9,57
DA:10,57
DA:11,57
LF:3
LH:3
BRDA:9,1,0,57
BRDA:9,1,1,0
BRF:2
BRH:1
end_of_record
TN:
SF:/Users/brianmcclanahan/git_repos2/lottery/contracts/common/NativeMetaTransaction.sol
FN:33,executeMetaTransaction
FN:69,hashMetaTransaction
FN:85,getNonce
FN:89,verify
FNF:4
FNH:0
FNDA:0,executeMetaTransaction
FNDA:0,hashMetaTransaction
FNDA:0,getNonce
FNDA:0,verify
DA:40,0
DA:46,0
DA:52,0
DA:54,0
DA:61,0
DA:64,0
DA:66,0
DA:74,0
DA:86,0
DA:96,0
DA:97,0
LF:11
LH:0
BRDA:46,1,0,0
BRDA:46,1,1,0
BRDA:64,2,0,0
BRDA:64,2,1,0
BRDA:96,3,0,0
BRDA:96,3,1,0
BRF:6
BRH:0
end_of_record
TN:
SF:/Users/brianmcclanahan/git_repos2/lottery/contracts/ERC721Tradable.sol
FN:49,constructor
FN:60,mintTo
FN:70,totalSupply
FN:76,tokenURI
FN:91,isApprovedForAll
FN:109,_msgSender
FN:113,transferFrom
FNF:7
FNH:5
FNDA:57,constructor
FNDA:52,mintTo
FNDA:15,totalSupply
FNDA:0,tokenURI
FNDA:0,isApprovedForAll
FNDA:184,_msgSender
FNDA:45,transferFrom
DA:50,57
DA:52,57
DA:53,57
DA:61,52
DA:62,52
DA:63,52
DA:71,15
DA:82,0
DA:98,0
DA:99,0
DA:100,0
DA:103,0
DA:110,184
DA:118,45
LF:14
LH:9
BRDA:99,1,0,0
BRDA:99,1,1,0
BRF:2
BRH:0
end_of_record
TN:
SF:/Users/brianmcclanahan/git_repos2/lottery/contracts/interfaces/IERC20.sol
FNF:0
FNH:0
LF:0
LH:0
BRF:0
BRH:0
end_of_record
TN:
SF:/Users/brianmcclanahan/git_repos2/lottery/contracts/Lottery.sol
FN:60,constructor
FN:71,wethBalance
FN:75,baseTokenURI
FN:79,contractURI
FN:83,setCharity
FN:88,setMaintenance
FN:93,setSubId
FN:99,requestRandomWords
FN:111,mint
FN:121,transferFrom
FN:142,fulfillRandomWords
FN:152,getWinner
FN:159,getLotteryOpen
FN:163,pickWinner
FN:169,payOut
FNF:15
FNH:13
FNDA:57,constructor
FNDA:29,wethBalance
FNDA:0,baseTokenURI
FNDA:0,contractURI
FNDA:2,setCharity
FNDA:2,setMaintenance
FNDA:2,setSubId
FNDA:12,requestRandomWords
FNDA:15,mint
FNDA:45,transferFrom
FNDA:12,fulfillRandomWords
FNDA:3,getWinner
FNDA:5,getLotteryOpen
FNDA:12,pickWinner
FNDA:9,payOut
DA:62,57
DA:63,57
DA:64,57
DA:65,57
DA:66,57
DA:67,57
DA:68,57
DA:72,29
DA:76,0
DA:80,0
DA:84,2
DA:85,2
DA:89,2
DA:90,2
DA:94,2
DA:95,2
DA:100,12
DA:102,12
DA:112,15
DA:113,15
DA:114,15
DA:115,52
DA:117,15
DA:126,45
DA:128,45
DA:129,45
DA:131,45
DA:132,12
DA:133,12
DA:136,45
DA:146,12
DA:147,12
DA:148,12
DA:153,3
DA:154,2
DA:160,5
DA:164,12
DA:165,12
DA:170,9
DA:171,9
DA:177,9
DA:178,5
DA:185,4
DA:187,9
LF:44
LH:42
BRDA:128,1,0,45
BRDA:128,1,1,0
BRDA:131,2,0,12
BRDA:131,2,1,33
BRDA:153,3,0,2
BRDA:153,3,1,1
BRDA:177,4,0,5
BRDA:177,4,1,4
BRF:8
BRH:7
end_of_record
